# JRE version: OpenJDK Runtime Environment Temurin-17.0.18+8 (17.0.18+8) (build 17.0.18+8)
# Java VM: OpenJDK 64-Bit Server VM Temurin-17.0.18+8 (17.0.18+8, mixed mode, sharing, tiered, compressed oops, compressed class ptrs, g1 gc, windows-amd64)
GC Precious Log:
 CPUs: 12 total, 12 available
 Memory: 7916M
 Large Page Support: Disabled
 NUMA Support: Disabled
 Compressed Oops: Enabled (32-bit)
 Heap Region Size: 1M
 Heap Min Capacity: 8M
 Heap Initial Capacity: 124M
 Heap Max Capacity: 2G
 Pre-touch: Disabled
 Parallel Workers: 10
 Concurrent Workers: 3
 Concurrent Refinement Workers: 10
 Periodic GC: Disabled
Heap:
 garbage-first heap   total 295936K, used 196753K [0x0000000080000000, 0x0000000100000000)
  region size 1024K, 19 young (19456K), 7 survivors (7168K)
 Metaspace       used 110456K, committed 111552K, reserved 1179648K
  class space    used 15545K, committed 16064K, reserved 1048576K
GC Heap History (20 events):
Event: 19.064 GC heap before
{Heap before GC invocations=37 (full 0):
 garbage-first heap   total 253952K, used 137952K [0x0000000080000000, 0x0000000100000000)
  region size 1024K, 17 young (17408K), 6 survivors (6144K)
 Metaspace       used 98897K, committed 99840K, reserved 1179648K
  class space    used 13889K, committed 14336K, reserved 1048576K
}
Event: 19.069 GC heap after
{Heap after GC invocations=38 (full 0):
 garbage-first heap   total 253952K, used 128110K [0x0000000080000000, 0x0000000100000000)
  region size 1024K, 6 young (6144K), 6 survivors (6144K)
 Metaspace       used 98897K, committed 99840K, reserved 1179648K
  class space    used 13889K, committed 14336K, reserved 1048576K
}
Event: 20.427 GC heap before
{Heap before GC invocations=39 (full 0):
 garbage-first heap   total 253952K, used 216174K [0x0000000080000000, 0x0000000100000000)
  region size 1024K, 89 young (91136K), 6 survivors (6144K)
 Metaspace       used 100906K, committed 101952K, reserved 1179648K
  class space    used 14244K, committed 14720K, reserved 1048576K
}
Event: 20.439 GC heap after
{Heap after GC invocations=40 (full 0):
 garbage-first heap   total 253952K, used 145845K [0x0000000080000000, 0x0000000100000000)
  region size 1024K, 12 young (12288K), 12 survivors (12288K)
 Metaspace       used 100906K, committed 101952K, reserved 1179648K
  class space    used 14244K, committed 14720K, reserved 1048576K
}
Event: 20.447 GC heap before
{Heap before GC invocations=40 (full 0):
 garbage-first heap   total 253952K, used 146869K [0x0000000080000000, 0x0000000100000000)
  region size 1024K, 13 young (13312K), 12 survivors (12288K)
 Metaspace       used 100907K, committed 101952K, reserved 1179648K
  class space    used 14244K, committed 14720K, reserved 1048576K
}
Event: 20.456 GC heap after
{Heap after GC invocations=41 (full 0):
 garbage-first heap   total 253952K, used 146249K [0x0000000080000000, 0x0000000100000000)
  region size 1024K, 2 young (2048K), 2 survivors (2048K)
 Metaspace       used 100907K, committed 101952K, reserved 1179648K
  class space    used 14244K, committed 14720K, reserved 1048576K
}
Event: 20.629 GC heap before
{Heap before GC invocations=41 (full 0):
 garbage-first heap   total 253952K, used 208713K [0x0000000080000000, 0x0000000100000000)
  region size 1024K, 64 young (65536K), 2 survivors (2048K)
 Metaspace       used 100916K, committed 101952K, reserved 1179648K
  class space    used 14244K, committed 14720K, reserved 1048576K
}
Event: 20.632 GC heap after
{Heap after GC invocations=42 (full 0):
 garbage-first heap   total 253952K, used 148161K [0x0000000080000000, 0x0000000100000000)
  region size 1024K, 4 young (4096K), 4 survivors (4096K)
 Metaspace       used 100916K, committed 101952K, reserved 1179648K
  class space    used 14244K, committed 14720K, reserved 1048576K
}
Event: 21.071 GC heap before
{Heap before GC invocations=43 (full 0):
 garbage-first heap   total 295936K, used 215745K [0x0000000080000000, 0x0000000100000000)
  region size 1024K, 65 young (66560K), 4 survivors (4096K)
 Metaspace       used 101005K, committed 102016K, reserved 1179648K
  class space    used 14251K, committed 14720K, reserved 1048576K
}
Event: 21.078 GC heap after
{Heap after GC invocations=44 (full 0):
 garbage-first heap   total 295936K, used 158857K [0x0000000080000000, 0x0000000100000000)
  region size 1024K, 9 young (9216K), 9 survivors (9216K)
 Metaspace       used 101005K, committed 102016K, reserved 1179648K
  class space    used 14251K, committed 14720K, reserved 1048576K
}
Event: 21.133 GC heap before
{Heap before GC invocations=44 (full 0):
 garbage-first heap   total 295936K, used 163977K [0x0000000080000000, 0x0000000100000000)
  region size 1024K, 14 young (14336K), 9 survivors (9216K)
 Metaspace       used 101070K, committed 102080K, reserved 1179648K
  class space    used 14263K, committed 14720K, reserved 1048576K
}
Event: 21.140 GC heap after
{Heap after GC invocations=45 (full 0):
 garbage-first heap   total 295936K, used 159121K [0x0000000080000000, 0x0000000100000000)
  region size 1024K, 2 young (2048K), 2 survivors (2048K)
 Metaspace       used 101070K, committed 102080K, reserved 1179648K
  class space    used 14263K, committed 14720K, reserved 1048576K
}
Event: 21.542 GC heap before
{Heap before GC invocations=45 (full 0):
 garbage-first heap   total 295936K, used 242065K [0x0000000080000000, 0x0000000100000000)
  region size 1024K, 84 young (86016K), 2 survivors (2048K)
 Metaspace       used 101349K, committed 102400K, reserved 1179648K
  class space    used 14298K, committed 14784K, reserved 1048576K
}
Event: 21.547 GC heap after
{Heap after GC invocations=46 (full 0):
 garbage-first heap   total 295936K, used 164643K [0x0000000080000000, 0x0000000100000000)
  region size 1024K, 8 young (8192K), 8 survivors (8192K)
 Metaspace       used 101349K, committed 102400K, reserved 1179648K
  class space    used 14298K, committed 14784K, reserved 1048576K
}
Event: 22.316 GC heap before
{Heap before GC invocations=46 (full 0):
 garbage-first heap   total 295936K, used 243491K [0x0000000080000000, 0x0000000100000000)
  region size 1024K, 86 young (88064K), 8 survivors (8192K)
 Metaspace       used 104661K, committed 105792K, reserved 1179648K
  class space    used 14814K, committed 15360K, reserved 1048576K
}
Event: 22.327 GC heap after
{Heap after GC invocations=47 (full 0):
 garbage-first heap   total 295936K, used 170404K [0x0000000080000000, 0x0000000100000000)
  region size 1024K, 7 young (7168K), 7 survivors (7168K)
 Metaspace       used 104661K, committed 105792K, reserved 1179648K
  class space    used 14814K, committed 15360K, reserved 1048576K
}
Event: 23.278 GC heap before
{Heap before GC invocations=47 (full 0):
 garbage-first heap   total 295936K, used 245156K [0x0000000080000000, 0x0000000100000000)
  region size 1024K, 81 young (82944K), 7 survivors (7168K)
 Metaspace       used 109057K, committed 110208K, reserved 1179648K
  class space    used 15337K, committed 15872K, reserved 1048576K
}
Event: 23.290 GC heap after
{Heap after GC invocations=48 (full 0):
 garbage-first heap   total 295936K, used 179408K [0x0000000080000000, 0x0000000100000000)
  region size 1024K, 9 young (9216K), 9 survivors (9216K)
 Metaspace       used 109057K, committed 110208K, reserved 1179648K
  class space    used 15337K, committed 15872K, reserved 1048576K
}
Event: 24.022 GC heap before
{Heap before GC invocations=48 (full 0):
 garbage-first heap   total 295936K, used 245968K [0x0000000080000000, 0x0000000100000000)
  region size 1024K, 74 young (75776K), 9 survivors (9216K)
 Metaspace       used 110097K, committed 111168K, reserved 1179648K
  class space    used 15493K, committed 16000K, reserved 1048576K
}
Event: 24.035 GC heap after
{Heap after GC invocations=49 (full 0):
 garbage-first heap   total 295936K, used 185489K [0x0000000080000000, 0x0000000100000000)
  region size 1024K, 7 young (7168K), 7 survivors (7168K)
 Metaspace       used 110097K, committed 111168K, reserved 1179648K
  class space    used 15493K, committed 16000K, reserved 1048576K
}

