# JRE version: OpenJDK Runtime Environment (21.0.7) (build 21.0.7+-13880790-b1038.58)
# Java VM: OpenJDK 64-Bit Server VM (21.0.7+-13880790-b1038.58, mixed mode, tiered, compressed oops, compressed class ptrs, g1 gc, windows-amd64)
GC Precious Log:
 CardTable entry size: 512
 Card Set container configuration: InlinePtr #cards 4 size 8 Array Of Cards #cards 32 size 80 Howl #buckets 8 coarsen threshold 7372 Howl Bitmap #cards 1024 size 144 coarsen threshold 921 Card regions per heap region 1 cards per card region 8192
 CPUs: 12 total, 12 available
 Memory: 7916M
 Large Page Support: Disabled
 NUMA Support: Disabled
 Compressed Oops: Enabled (Zero based)
 Heap Region Size: 4M
 Heap Min Capacity: 8M
 Heap Initial Capacity: 124M
 Heap Max Capacity: 8G
 Pre-touch: Disabled
 Parallel Workers: 10
 Concurrent Workers: 3
 Concurrent Refinement Workers: 10
 Periodic GC: Disabled
Heap:
 garbage-first heap   total 675840K, used 403193K [0x0000000600000000, 0x0000000800000000)
  region size 4096K, 2 young (8192K), 2 survivors (8192K)
 Metaspace       used 160508K, committed 163072K, reserved 1245184K
  class space    used 22389K, committed 23616K, reserved 1048576K
GC Heap History (20 events):
Event: 24.947 GC heap after
{Heap after GC invocations=49 (full 0):
 garbage-first heap   total 364544K, used 181472K [0x0000000600000000, 0x0000000800000000)
  region size 4096K, 3 young (12288K), 3 survivors (12288K)
 Metaspace       used 133177K, committed 135680K, reserved 1179648K
  class space    used 18442K, committed 19648K, reserved 1048576K
}
Event: 25.742 GC heap before
{Heap before GC invocations=49 (full 0):
 garbage-first heap   total 364544K, used 324832K [0x0000000600000000, 0x0000000800000000)
  region size 4096K, 36 young (147456K), 3 survivors (12288K)
 Metaspace       used 137993K, committed 140480K, reserved 1179648K
  class space    used 19095K, committed 20288K, reserved 1048576K
}
Event: 25.755 GC heap after
{Heap after GC invocations=50 (full 0):
 garbage-first heap   total 364544K, used 215687K [0x0000000600000000, 0x0000000800000000)
  region size 4096K, 5 young (20480K), 5 survivors (20480K)
 Metaspace       used 137993K, committed 140480K, reserved 1179648K
  class space    used 19095K, committed 20288K, reserved 1048576K
}
Event: 26.335 GC heap before
{Heap before GC invocations=50 (full 0):
 garbage-first heap   total 364544K, used 264839K [0x0000000600000000, 0x0000000800000000)
  region size 4096K, 19 young (77824K), 5 survivors (20480K)
 Metaspace       used 143025K, committed 145536K, reserved 1179648K
  class space    used 19788K, committed 20992K, reserved 1048576K
}
Event: 26.346 GC heap after
{Heap after GC invocations=51 (full 0):
 garbage-first heap   total 364544K, used 229154K [0x0000000600000000, 0x0000000800000000)
  region size 4096K, 2 young (8192K), 2 survivors (8192K)
 Metaspace       used 143025K, committed 145536K, reserved 1179648K
  class space    used 19788K, committed 20992K, reserved 1048576K
}
Event: 26.951 GC heap before
{Heap before GC invocations=52 (full 0):
 garbage-first heap   total 430080K, used 343842K [0x0000000600000000, 0x0000000800000000)
  region size 4096K, 25 young (102400K), 2 survivors (8192K)
 Metaspace       used 145692K, committed 148224K, reserved 1179648K
  class space    used 20195K, committed 21440K, reserved 1048576K
}
Event: 26.970 GC heap after
{Heap after GC invocations=53 (full 0):
 garbage-first heap   total 430080K, used 266352K [0x0000000600000000, 0x0000000800000000)
  region size 4096K, 4 young (16384K), 4 survivors (16384K)
 Metaspace       used 145692K, committed 148224K, reserved 1179648K
  class space    used 20195K, committed 21440K, reserved 1048576K
}
Event: 27.563 GC heap before
{Heap before GC invocations=53 (full 0):
 garbage-first heap   total 430080K, used 364656K [0x0000000600000000, 0x0000000800000000)
  region size 4096K, 29 young (118784K), 4 survivors (16384K)
 Metaspace       used 150056K, committed 152576K, reserved 1245184K
  class space    used 20913K, committed 22144K, reserved 1048576K
}
Event: 27.606 GC heap after
{Heap after GC invocations=54 (full 0):
 garbage-first heap   total 430080K, used 293540K [0x0000000600000000, 0x0000000800000000)
  region size 4096K, 4 young (16384K), 4 survivors (16384K)
 Metaspace       used 150056K, committed 152576K, reserved 1245184K
  class space    used 20913K, committed 22144K, reserved 1048576K
}
Event: 27.989 GC heap before
{Heap before GC invocations=54 (full 0):
 garbage-first heap   total 430080K, used 375460K [0x0000000600000000, 0x0000000800000000)
  region size 4096K, 24 young (98304K), 4 survivors (16384K)
 Metaspace       used 152839K, committed 155392K, reserved 1245184K
  class space    used 21486K, committed 22720K, reserved 1048576K
}
Event: 28.032 GC heap after
{Heap after GC invocations=55 (full 0):
 garbage-first heap   total 589824K, used 325946K [0x0000000600000000, 0x0000000800000000)
  region size 4096K, 3 young (12288K), 3 survivors (12288K)
 Metaspace       used 152839K, committed 155392K, reserved 1245184K
  class space    used 21486K, committed 22720K, reserved 1048576K
}
Event: 28.925 GC heap before
{Heap before GC invocations=56 (full 0):
 garbage-first heap   total 589824K, used 489786K [0x0000000600000000, 0x0000000800000000)
  region size 4096K, 44 young (180224K), 3 survivors (12288K)
 Metaspace       used 154091K, committed 156608K, reserved 1245184K
  class space    used 21677K, committed 22912K, reserved 1048576K
}
Event: 29.102 GC heap after
{Heap after GC invocations=57 (full 0):
 garbage-first heap   total 589824K, used 406551K [0x0000000600000000, 0x0000000800000000)
  region size 4096K, 6 young (24576K), 6 survivors (24576K)
 Metaspace       used 154091K, committed 156608K, reserved 1245184K
  class space    used 21677K, committed 22912K, reserved 1048576K
}
Event: 30.378 GC heap before
{Heap before GC invocations=57 (full 0):
 garbage-first heap   total 589824K, used 500759K [0x0000000600000000, 0x0000000800000000)
  region size 4096K, 29 young (118784K), 6 survivors (24576K)
 Metaspace       used 157016K, committed 159616K, reserved 1245184K
  class space    used 22015K, committed 23232K, reserved 1048576K
}
Event: 30.422 GC heap after
{Heap after GC invocations=58 (full 0):
 garbage-first heap   total 589824K, used 411646K [0x0000000600000000, 0x0000000800000000)
  region size 4096K, 2 young (8192K), 2 survivors (8192K)
 Metaspace       used 157016K, committed 159616K, reserved 1245184K
  class space    used 22015K, committed 23232K, reserved 1048576K
}
Event: 31.187 GC heap before
{Heap before GC invocations=58 (full 0):
 garbage-first heap   total 589824K, used 509950K [0x0000000600000000, 0x0000000800000000)
  region size 4096K, 27 young (110592K), 2 survivors (8192K)
 Metaspace       used 158876K, committed 161408K, reserved 1245184K
  class space    used 22205K, committed 23424K, reserved 1048576K
}
Event: 31.271 GC heap after
{Heap after GC invocations=59 (full 0):
 garbage-first heap   total 589824K, used 412846K [0x0000000600000000, 0x0000000800000000)
  region size 4096K, 2 young (8192K), 2 survivors (8192K)
 Metaspace       used 158876K, committed 161408K, reserved 1245184K
  class space    used 22205K, committed 23424K, reserved 1048576K
}
Event: 32.996 GC heap before
{Heap before GC invocations=59 (full 0):
 garbage-first heap   total 589824K, used 523438K [0x0000000600000000, 0x0000000800000000)
  region size 4096K, 29 young (118784K), 2 survivors (8192K)
 Metaspace       used 159964K, committed 162560K, reserved 1245184K
  class space    used 22321K, committed 23552K, reserved 1048576K
}
Event: 33.150 GC heap after
{Heap after GC invocations=60 (full 0):
 garbage-first heap   total 589824K, used 414399K [0x0000000600000000, 0x0000000800000000)
  region size 4096K, 3 young (12288K), 3 survivors (12288K)
 Metaspace       used 159964K, committed 162560K, reserved 1245184K
  class space    used 22321K, committed 23552K, reserved 1048576K
}
Event: 34.422 GC heap before
{Heap before GC invocations=60 (full 0):
 garbage-first heap   total 675840K, used 488127K [0x0000000600000000, 0x0000000800000000)
  region size 4096K, 25 young (102400K), 3 survivors (12288K)
 Metaspace       used 160508K, committed 163072K, reserved 1245184K
  class space    used 22389K, committed 23616K, reserved 1048576K
}

