# JRE version: OpenJDK Runtime Environment Temurin-17.0.18+8 (17.0.18+8) (build 17.0.18+8)
# Java VM: OpenJDK 64-Bit Server VM Temurin-17.0.18+8 (17.0.18+8, mixed mode, sharing, tiered, compressed oops, compressed class ptrs, g1 gc, windows-amd64)
GC Precious Log:
 CPUs: 12 total, 12 available
 Memory: 7916M
 Large Page Support: Disabled
 NUMA Support: Disabled
 Compressed Oops: Enabled (Zero based)
 Heap Region Size: 4M
 Heap Min Capacity: 8M
 Heap Initial Capacity: 124M
 Heap Max Capacity: 8G
 Pre-touch: Disabled
 Parallel Workers: 10
 Concurrent Workers: 3
 Concurrent Refinement Workers: 10
 Periodic GC: Disabled
Heap:
 garbage-first heap   total 1388544K, used 545502K [0x0000000600000000, 0x0000000800000000)
  region size 4096K, 3 young (12288K), 3 survivors (12288K)
 Metaspace       used 158330K, committed 159680K, reserved 1245184K
  class space    used 21525K, committed 22144K, reserved 1048576K
GC Heap History (20 events):
Event: 56.777 GC heap after
{Heap after GC invocations=53 (full 0):
 garbage-first heap   total 413696K, used 235950K [0x0000000600000000, 0x0000000800000000)
  region size 4096K, 5 young (20480K), 5 survivors (20480K)
 Metaspace       used 137967K, committed 139328K, reserved 1179648K
  class space    used 18488K, committed 19136K, reserved 1048576K
}
Event: 58.495 GC heap before
{Heap before GC invocations=53 (full 0):
 garbage-first heap   total 413696K, used 330158K [0x0000000600000000, 0x0000000800000000)
  region size 4096K, 29 young (118784K), 5 survivors (20480K)
 Metaspace       used 138758K, committed 140160K, reserved 1179648K
  class space    used 18531K, committed 19200K, reserved 1048576K
}
Event: 58.514 GC heap after
{Heap after GC invocations=54 (full 0):
 garbage-first heap   total 413696K, used 245493K [0x0000000600000000, 0x0000000800000000)
  region size 4096K, 4 young (16384K), 4 survivors (16384K)
 Metaspace       used 138758K, committed 140160K, reserved 1179648K
  class space    used 18531K, committed 19200K, reserved 1048576K
}
Event: 60.103 GC heap before
{Heap before GC invocations=54 (full 0):
 garbage-first heap   total 413696K, used 331509K [0x0000000600000000, 0x0000000800000000)
  region size 4096K, 25 young (102400K), 4 survivors (16384K)
 Metaspace       used 139172K, committed 140544K, reserved 1179648K
  class space    used 18536K, committed 19200K, reserved 1048576K
}
Event: 60.116 GC heap after
{Heap after GC invocations=55 (full 0):
 garbage-first heap   total 413696K, used 248599K [0x0000000600000000, 0x0000000800000000)
  region size 4096K, 3 young (12288K), 3 survivors (12288K)
 Metaspace       used 139172K, committed 140544K, reserved 1179648K
  class space    used 18536K, committed 19200K, reserved 1048576K
}
Event: 61.237 GC heap before
{Heap before GC invocations=55 (full 0):
 garbage-first heap   total 413696K, used 305943K [0x0000000600000000, 0x0000000800000000)
  region size 4096K, 16 young (65536K), 3 survivors (12288K)
 Metaspace       used 139439K, committed 140800K, reserved 1179648K
  class space    used 18566K, committed 19200K, reserved 1048576K
}
Event: 61.246 GC heap after
{Heap after GC invocations=56 (full 0):
 garbage-first heap   total 413696K, used 265791K [0x0000000600000000, 0x0000000800000000)
  region size 4096K, 2 young (8192K), 2 survivors (8192K)
 Metaspace       used 139439K, committed 140800K, reserved 1179648K
  class space    used 18566K, committed 19200K, reserved 1048576K
}
Event: 61.329 GC heap before
{Heap before GC invocations=56 (full 0):
 garbage-first heap   total 413696K, used 327231K [0x0000000600000000, 0x0000000800000000)
  region size 4096K, 3 young (12288K), 2 survivors (8192K)
 Metaspace       used 139459K, committed 140800K, reserved 1179648K
  class space    used 18566K, committed 19200K, reserved 1048576K
}
Event: 61.333 GC heap after
{Heap after GC invocations=57 (full 0):
 garbage-first heap   total 413696K, used 325848K [0x0000000600000000, 0x0000000800000000)
  region size 4096K, 1 young (4096K), 1 survivors (4096K)
 Metaspace       used 139459K, committed 140800K, reserved 1179648K
  class space    used 18566K, committed 19200K, reserved 1048576K
}
Event: 61.885 GC heap before
{Heap before GC invocations=57 (full 0):
 garbage-first heap   total 602112K, used 420056K [0x0000000600000000, 0x0000000800000000)
  region size 4096K, 6 young (24576K), 1 survivors (4096K)
 Metaspace       used 138763K, committed 140608K, reserved 1179648K
  class space    used 18528K, committed 19200K, reserved 1048576K
}
Event: 61.952 GC heap after
{Heap after GC invocations=58 (full 0):
 garbage-first heap   total 1388544K, used 399801K [0x0000000600000000, 0x0000000800000000)
  region size 4096K, 1 young (4096K), 1 survivors (4096K)
 Metaspace       used 138763K, committed 140608K, reserved 1179648K
  class space    used 18528K, committed 19200K, reserved 1048576K
}
Event: 67.901 GC heap before
{Heap before GC invocations=59 (full 0):
 garbage-first heap   total 1388544K, used 969145K [0x0000000600000000, 0x0000000800000000)
  region size 4096K, 132 young (540672K), 1 survivors (4096K)
 Metaspace       used 157233K, committed 158592K, reserved 1245184K
  class space    used 21466K, committed 22080K, reserved 1048576K
}
Event: 68.411 GC heap after
{Heap after GC invocations=60 (full 0):
 garbage-first heap   total 1388544K, used 440833K [0x0000000600000000, 0x0000000800000000)
  region size 4096K, 17 young (69632K), 17 survivors (69632K)
 Metaspace       used 157233K, committed 158592K, reserved 1245184K
  class space    used 21466K, committed 22080K, reserved 1048576K
}
Event: 68.492 GC heap before
{Heap before GC invocations=60 (full 0):
 garbage-first heap   total 1388544K, used 444929K [0x0000000600000000, 0x0000000800000000)
  region size 4096K, 18 young (73728K), 17 survivors (69632K)
 Metaspace       used 157272K, committed 158592K, reserved 1245184K
  class space    used 21468K, committed 22080K, reserved 1048576K
}
Event: 69.076 GC heap after
{Heap after GC invocations=61 (full 0):
 garbage-first heap   total 1388544K, used 436807K [0x0000000600000000, 0x0000000800000000)
  region size 4096K, 2 young (8192K), 2 survivors (8192K)
 Metaspace       used 157272K, committed 158592K, reserved 1245184K
  class space    used 21468K, committed 22080K, reserved 1048576K
}
Event: 69.893 GC heap before
{Heap before GC invocations=61 (full 0):
 garbage-first heap   total 1388544K, used 567879K [0x0000000600000000, 0x0000000800000000)
  region size 4096K, 34 young (139264K), 2 survivors (8192K)
 Metaspace       used 157936K, committed 159296K, reserved 1245184K
  class space    used 21489K, committed 22144K, reserved 1048576K
}
Event: 70.018 GC heap after
{Heap after GC invocations=62 (full 0):
 garbage-first heap   total 1388544K, used 486234K [0x0000000600000000, 0x0000000800000000)
  region size 4096K, 5 young (20480K), 5 survivors (20480K)
 Metaspace       used 157936K, committed 159296K, reserved 1245184K
  class space    used 21489K, committed 22144K, reserved 1048576K
}
Event: 70.248 GC heap before
{Heap before GC invocations=62 (full 0):
 garbage-first heap   total 1388544K, used 576346K [0x0000000600000000, 0x0000000800000000)
  region size 4096K, 27 young (110592K), 5 survivors (20480K)
 Metaspace       used 158147K, committed 159488K, reserved 1245184K
  class space    used 21510K, committed 22144K, reserved 1048576K
}
Event: 70.299 GC heap after
{Heap after GC invocations=63 (full 0):
 garbage-first heap   total 1388544K, used 524117K [0x0000000600000000, 0x0000000800000000)
  region size 4096K, 4 young (16384K), 4 survivors (16384K)
 Metaspace       used 158147K, committed 159488K, reserved 1245184K
  class space    used 21510K, committed 22144K, reserved 1048576K
}
Event: 70.481 GC heap before
{Heap before GC invocations=63 (full 0):
 garbage-first heap   total 1388544K, used 577365K [0x0000000600000000, 0x0000000800000000)
  region size 4096K, 18 young (73728K), 4 survivors (16384K)
 Metaspace       used 158330K, committed 159680K, reserved 1245184K
  class space    used 21525K, committed 22144K, reserved 1048576K
}

