# JRE version: OpenJDK Runtime Environment Temurin-17.0.18+8 (17.0.18+8) (build 17.0.18+8)
# Java VM: OpenJDK 64-Bit Server VM Temurin-17.0.18+8 (17.0.18+8, mixed mode, sharing, tiered, compressed oops, compressed class ptrs, g1 gc, windows-amd64)
GC Precious Log:
 CPUs: 12 total, 12 available
 Memory: 7916M
 Large Page Support: Disabled
 NUMA Support: Disabled
 Compressed Oops: Enabled (Zero based)
 Heap Region Size: 4M
 Heap Min Capacity: 8M
 Heap Initial Capacity: 124M
 Heap Max Capacity: 8G
 Pre-touch: Disabled
 Parallel Workers: 10
 Concurrent Workers: 3
 Concurrent Refinement Workers: 10
 Periodic GC: Disabled
Heap:
 garbage-first heap   total 1224704K, used 519780K [0x0000000600000000, 0x0000000800000000)
  region size 4096K, 3 young (12288K), 3 survivors (12288K)
 Metaspace       used 144531K, committed 145984K, reserved 1179648K
  class space    used 20130K, committed 20864K, reserved 1048576K
GC Heap History (20 events):
Event: 44.289 GC heap after
{Heap after GC invocations=45 (full 0):
 garbage-first heap   total 1179648K, used 294825K [0x0000000600000000, 0x0000000800000000)
  region size 4096K, 7 young (28672K), 7 survivors (28672K)
 Metaspace       used 127399K, committed 128640K, reserved 1179648K
  class space    used 17719K, committed 18304K, reserved 1048576K
}
Event: 48.049 GC heap before
{Heap before GC invocations=45 (full 0):
 garbage-first heap   total 1179648K, used 872361K [0x0000000600000000, 0x0000000800000000)
  region size 4096K, 148 young (606208K), 7 survivors (28672K)
 Metaspace       used 137712K, committed 139008K, reserved 1179648K
  class space    used 19362K, committed 19968K, reserved 1048576K
}
Event: 48.270 GC heap after
{Heap after GC invocations=46 (full 0):
 garbage-first heap   total 1179648K, used 323504K [0x0000000600000000, 0x0000000800000000)
  region size 4096K, 14 young (57344K), 14 survivors (57344K)
 Metaspace       used 137712K, committed 139008K, reserved 1179648K
  class space    used 19362K, committed 19968K, reserved 1048576K
}
Event: 50.622 GC heap before
{Heap before GC invocations=46 (full 0):
 garbage-first heap   total 1179648K, used 786352K [0x0000000600000000, 0x0000000800000000)
  region size 4096K, 128 young (524288K), 14 survivors (57344K)
 Metaspace       used 139392K, committed 140800K, reserved 1179648K
  class space    used 19582K, committed 20288K, reserved 1048576K
}
Event: 50.828 GC heap after
{Heap after GC invocations=47 (full 0):
 garbage-first heap   total 1179648K, used 320792K [0x0000000600000000, 0x0000000800000000)
  region size 4096K, 8 young (32768K), 8 survivors (32768K)
 Metaspace       used 139392K, committed 140800K, reserved 1179648K
  class space    used 19582K, committed 20288K, reserved 1048576K
}
Event: 51.819 GC heap before
{Heap before GC invocations=47 (full 0):
 garbage-first heap   total 1179648K, used 746776K [0x0000000600000000, 0x0000000800000000)
  region size 4096K, 112 young (458752K), 8 survivors (32768K)
 Metaspace       used 139555K, committed 140928K, reserved 1179648K
  class space    used 19592K, committed 20288K, reserved 1048576K
}
Event: 51.843 GC heap after
{Heap after GC invocations=48 (full 0):
 garbage-first heap   total 1179648K, used 321907K [0x0000000600000000, 0x0000000800000000)
  region size 4096K, 2 young (8192K), 2 survivors (8192K)
 Metaspace       used 139555K, committed 140928K, reserved 1179648K
  class space    used 19592K, committed 20288K, reserved 1048576K
}
Event: 54.730 GC heap before
{Heap before GC invocations=48 (full 0):
 garbage-first heap   total 1179648K, used 960883K [0x0000000600000000, 0x0000000800000000)
  region size 4096K, 159 young (651264K), 2 survivors (8192K)
 Metaspace       used 140008K, committed 141376K, reserved 1179648K
  class space    used 19614K, committed 20288K, reserved 1048576K
}
Event: 54.747 GC heap after
{Heap after GC invocations=49 (full 0):
 garbage-first heap   total 1179648K, used 331014K [0x0000000600000000, 0x0000000800000000)
  region size 4096K, 4 young (16384K), 4 survivors (16384K)
 Metaspace       used 140008K, committed 141376K, reserved 1179648K
  class space    used 19614K, committed 20288K, reserved 1048576K
}
Event: 56.688 GC heap before
{Heap before GC invocations=49 (full 0):
 garbage-first heap   total 1179648K, used 978182K [0x0000000600000000, 0x0000000800000000)
  region size 4096K, 162 young (663552K), 4 survivors (16384K)
 Metaspace       used 140247K, committed 141568K, reserved 1179648K
  class space    used 19635K, committed 20288K, reserved 1048576K
}
Event: 56.728 GC heap after
{Heap after GC invocations=50 (full 0):
 garbage-first heap   total 1179648K, used 342173K [0x0000000600000000, 0x0000000800000000)
  region size 4096K, 7 young (28672K), 7 survivors (28672K)
 Metaspace       used 140247K, committed 141568K, reserved 1179648K
  class space    used 19635K, committed 20288K, reserved 1048576K
}
Event: 58.624 GC heap before
{Heap before GC invocations=50 (full 0):
 garbage-first heap   total 1179648K, used 977053K [0x0000000600000000, 0x0000000800000000)
  region size 4096K, 162 young (663552K), 7 survivors (28672K)
 Metaspace       used 140298K, committed 141696K, reserved 1179648K
  class space    used 19636K, committed 20288K, reserved 1048576K
}
Event: 58.641 GC heap after
{Heap after GC invocations=51 (full 0):
 garbage-first heap   total 1179648K, used 340206K [0x0000000600000000, 0x0000000800000000)
  region size 4096K, 7 young (28672K), 7 survivors (28672K)
 Metaspace       used 140298K, committed 141696K, reserved 1179648K
  class space    used 19636K, committed 20288K, reserved 1048576K
}
Event: 61.230 GC heap before
{Heap before GC invocations=51 (full 0):
 garbage-first heap   total 1179648K, used 991470K [0x0000000600000000, 0x0000000800000000)
  region size 4096K, 166 young (679936K), 7 survivors (28672K)
 Metaspace       used 140408K, committed 141824K, reserved 1179648K
  class space    used 19651K, committed 20352K, reserved 1048576K
}
Event: 61.256 GC heap after
{Heap after GC invocations=52 (full 0):
 garbage-first heap   total 1179648K, used 341135K [0x0000000600000000, 0x0000000800000000)
  region size 4096K, 7 young (28672K), 7 survivors (28672K)
 Metaspace       used 140408K, committed 141824K, reserved 1179648K
  class space    used 19651K, committed 20352K, reserved 1048576K
}
Event: 68.415 GC heap before
{Heap before GC invocations=52 (full 0):
 garbage-first heap   total 1179648K, used 1008783K [0x0000000600000000, 0x0000000800000000)
  region size 4096K, 169 young (692224K), 7 survivors (28672K)
 Metaspace       used 140904K, committed 142272K, reserved 1179648K
  class space    used 19701K, committed 20352K, reserved 1048576K
}
Event: 68.455 GC heap after
{Heap after GC invocations=53 (full 0):
 garbage-first heap   total 1179648K, used 333352K [0x0000000600000000, 0x0000000800000000)
  region size 4096K, 4 young (16384K), 4 survivors (16384K)
 Metaspace       used 140904K, committed 142272K, reserved 1179648K
  class space    used 19701K, committed 20352K, reserved 1048576K
}
Event: 72.342 GC heap before
{Heap before GC invocations=53 (full 0):
 garbage-first heap   total 1179648K, used 1037864K [0x0000000600000000, 0x0000000800000000)
  region size 4096K, 169 young (692224K), 4 survivors (16384K)
 Metaspace       used 144529K, committed 145984K, reserved 1179648K
  class space    used 20130K, committed 20864K, reserved 1048576K
}
Event: 73.004 GC heap after
{Heap after GC invocations=54 (full 0):
 garbage-first heap   total 1224704K, used 507607K [0x0000000600000000, 0x0000000800000000)
  region size 4096K, 22 young (90112K), 22 survivors (90112K)
 Metaspace       used 144529K, committed 145984K, reserved 1179648K
  class space    used 20130K, committed 20864K, reserved 1048576K
}
Event: 73.351 GC heap before
{Heap before GC invocations=54 (full 0):
 garbage-first heap   total 1224704K, used 523991K [0x0000000600000000, 0x0000000800000000)
  region size 4096K, 27 young (110592K), 22 survivors (90112K)
 Metaspace       used 144531K, committed 145984K, reserved 1179648K
  class space    used 20130K, committed 20864K, reserved 1048576K
}

