# JRE version: OpenJDK Runtime Environment (21.0.7) (build 21.0.7+-13880790-b1038.58)
# Java VM: OpenJDK 64-Bit Server VM (21.0.7+-13880790-b1038.58, mixed mode, tiered, compressed oops, compressed class ptrs, g1 gc, windows-amd64)
GC Precious Log:
 CardTable entry size: 512
 Card Set container configuration: InlinePtr #cards 4 size 8 Array Of Cards #cards 32 size 80 Howl #buckets 8 coarsen threshold 7372 Howl Bitmap #cards 1024 size 144 coarsen threshold 921 Card regions per heap region 1 cards per card region 8192
 CPUs: 12 total, 12 available
 Memory: 7916M
 Large Page Support: Disabled
 NUMA Support: Disabled
 Compressed Oops: Enabled (Zero based)
 Heap Region Size: 4M
 Heap Min Capacity: 8M
 Heap Initial Capacity: 124M
 Heap Max Capacity: 8G
 Pre-touch: Disabled
 Parallel Workers: 10
 Concurrent Workers: 3
 Concurrent Refinement Workers: 10
 Periodic GC: Disabled
Heap:
 garbage-first heap   total 761856K, used 474700K [0x0000000600000000, 0x0000000800000000)
  region size 4096K, 3 young (12288K), 3 survivors (12288K)
 Metaspace       used 196288K, committed 199168K, reserved 1245184K
  class space    used 26321K, committed 27712K, reserved 1048576K
GC Heap History (20 events):
Event: 117.227 GC heap after
{Heap after GC invocations=54 (full 0):
 garbage-first heap   total 544768K, used 191927K [0x0000000600000000, 0x0000000800000000)
  region size 4096K, 2 young (8192K), 2 survivors (8192K)
 Metaspace       used 144115K, committed 146560K, reserved 1179648K
  class space    used 19644K, committed 20864K, reserved 1048576K
}
Event: 118.717 GC heap before
{Heap before GC invocations=55 (full 0):
 garbage-first heap   total 544768K, used 441783K [0x0000000600000000, 0x0000000800000000)
  region size 4096K, 63 young (258048K), 2 survivors (8192K)
 Metaspace       used 147991K, committed 150400K, reserved 1179648K
  class space    used 20143K, committed 21312K, reserved 1048576K
}
Event: 118.724 GC heap after
{Heap after GC invocations=56 (full 0):
 garbage-first heap   total 544768K, used 192961K [0x0000000600000000, 0x0000000800000000)
  region size 4096K, 2 young (8192K), 2 survivors (8192K)
 Metaspace       used 147991K, committed 150400K, reserved 1179648K
  class space    used 20143K, committed 21312K, reserved 1048576K
}
Event: 298.629 GC heap before
{Heap before GC invocations=56 (full 0):
 garbage-first heap   total 544768K, used 500161K [0x0000000600000000, 0x0000000800000000)
  region size 4096K, 77 young (315392K), 2 survivors (8192K)
 Metaspace       used 153078K, committed 155712K, reserved 1245184K
  class space    used 20737K, committed 22016K, reserved 1048576K
}
Event: 298.884 GC heap after
{Heap after GC invocations=57 (full 0):
 garbage-first heap   total 544768K, used 218119K [0x0000000600000000, 0x0000000800000000)
  region size 4096K, 9 young (36864K), 9 survivors (36864K)
 Metaspace       used 153078K, committed 155712K, reserved 1245184K
  class space    used 20737K, committed 22016K, reserved 1048576K
}
Event: 318.850 GC heap before
{Heap before GC invocations=57 (full 0):
 garbage-first heap   total 544768K, used 467975K [0x0000000600000000, 0x0000000800000000)
  region size 4096K, 71 young (290816K), 9 survivors (36864K)
 Metaspace       used 164547K, committed 167168K, reserved 1245184K
  class space    used 21984K, committed 23232K, reserved 1048576K
}
Event: 318.902 GC heap after
{Heap after GC invocations=58 (full 0):
 garbage-first heap   total 544768K, used 230185K [0x0000000600000000, 0x0000000800000000)
  region size 4096K, 3 young (12288K), 3 survivors (12288K)
 Metaspace       used 164547K, committed 167168K, reserved 1245184K
  class space    used 21984K, committed 23232K, reserved 1048576K
}
Event: 322.463 GC heap before
{Heap before GC invocations=59 (full 0):
 garbage-first heap   total 544768K, used 492329K [0x0000000600000000, 0x0000000800000000)
  region size 4096K, 68 young (278528K), 3 survivors (12288K)
 Metaspace       used 175020K, committed 177856K, reserved 1245184K
  class space    used 23126K, committed 24512K, reserved 1048576K
}
Event: 322.499 GC heap after
{Heap after GC invocations=60 (full 0):
 garbage-first heap   total 544768K, used 257370K [0x0000000600000000, 0x0000000800000000)
  region size 4096K, 9 young (36864K), 9 survivors (36864K)
 Metaspace       used 175020K, committed 177856K, reserved 1245184K
  class space    used 23126K, committed 24512K, reserved 1048576K
}
Event: 326.313 GC heap before
{Heap before GC invocations=60 (full 0):
 garbage-first heap   total 606208K, used 601434K [0x0000000600000000, 0x0000000800000000)
  region size 4096K, 58 young (237568K), 9 survivors (36864K)
 Metaspace       used 176560K, committed 179392K, reserved 1245184K
  class space    used 23249K, committed 24640K, reserved 1048576K
}
Event: 326.340 GC heap after
{Heap after GC invocations=61 (full 0):
 garbage-first heap   total 647168K, used 249763K [0x0000000600000000, 0x0000000800000000)
  region size 4096K, 3 young (12288K), 3 survivors (12288K)
 Metaspace       used 176560K, committed 179392K, reserved 1245184K
  class space    used 23249K, committed 24640K, reserved 1048576K
}
Event: 328.035 GC heap before
{Heap before GC invocations=61 (full 0):
 garbage-first heap   total 647168K, used 315299K [0x0000000600000000, 0x0000000800000000)
  region size 4096K, 21 young (86016K), 3 survivors (12288K)
 Metaspace       used 178611K, committed 181376K, reserved 1245184K
  class space    used 23543K, committed 24896K, reserved 1048576K
}
Event: 328.044 GC heap after
{Heap after GC invocations=62 (full 0):
 garbage-first heap   total 647168K, used 252648K [0x0000000600000000, 0x0000000800000000)
  region size 4096K, 4 young (16384K), 4 survivors (16384K)
 Metaspace       used 178611K, committed 181376K, reserved 1245184K
  class space    used 23543K, committed 24896K, reserved 1048576K
}
Event: 331.176 GC heap before
{Heap before GC invocations=63 (full 0):
 garbage-first heap   total 647168K, used 617192K [0x0000000600000000, 0x0000000800000000)
  region size 4096K, 85 young (348160K), 4 survivors (16384K)
 Metaspace       used 189467K, committed 192256K, reserved 1245184K
  class space    used 25468K, committed 26816K, reserved 1048576K
}
Event: 331.499 GC heap after
{Heap after GC invocations=64 (full 0):
 garbage-first heap   total 761856K, used 398940K [0x0000000600000000, 0x0000000800000000)
  region size 4096K, 11 young (45056K), 11 survivors (45056K)
 Metaspace       used 189467K, committed 192256K, reserved 1245184K
  class space    used 25468K, committed 26816K, reserved 1048576K
}
Event: 331.817 GC heap before
{Heap before GC invocations=64 (full 0):
 garbage-first heap   total 761856K, used 403036K [0x0000000600000000, 0x0000000800000000)
  region size 4096K, 12 young (49152K), 11 survivors (45056K)
 Metaspace       used 189471K, committed 192256K, reserved 1245184K
  class space    used 25468K, committed 26816K, reserved 1048576K
}
Event: 331.869 GC heap after
{Heap after GC invocations=65 (full 0):
 garbage-first heap   total 761856K, used 406655K [0x0000000600000000, 0x0000000800000000)
  region size 4096K, 2 young (8192K), 2 survivors (8192K)
 Metaspace       used 189471K, committed 192256K, reserved 1245184K
  class space    used 25468K, committed 26816K, reserved 1048576K
}
Event: 332.901 GC heap before
{Heap before GC invocations=65 (full 0):
 garbage-first heap   total 761856K, used 644223K [0x0000000600000000, 0x0000000800000000)
  region size 4096K, 61 young (249856K), 2 survivors (8192K)
 Metaspace       used 193034K, committed 195840K, reserved 1245184K
  class space    used 25970K, committed 27328K, reserved 1048576K
}
Event: 333.015 GC heap after
{Heap after GC invocations=66 (full 0):
 garbage-first heap   total 761856K, used 460900K [0x0000000600000000, 0x0000000800000000)
  region size 4096K, 8 young (32768K), 8 survivors (32768K)
 Metaspace       used 193034K, committed 195840K, reserved 1245184K
  class space    used 25970K, committed 27328K, reserved 1048576K
}
Event: 334.178 GC heap before
{Heap before GC invocations=66 (full 0):
 garbage-first heap   total 761856K, used 649316K [0x0000000600000000, 0x0000000800000000)
  region size 4096K, 54 young (221184K), 8 survivors (32768K)
 Metaspace       used 196288K, committed 199168K, reserved 1245184K
  class space    used 26321K, committed 27712K, reserved 1048576K
}

