# JRE version: OpenJDK Runtime Environment Temurin-17.0.18+8 (17.0.18+8) (build 17.0.18+8)
# Java VM: OpenJDK 64-Bit Server VM Temurin-17.0.18+8 (17.0.18+8, mixed mode, sharing, tiered, compressed oops, compressed class ptrs, g1 gc, windows-amd64)
GC Precious Log:
 CPUs: 12 total, 12 available
 Memory: 7916M
 Large Page Support: Disabled
 NUMA Support: Disabled
 Compressed Oops: Enabled (32-bit)
 Heap Region Size: 1M
 Heap Min Capacity: 8M
 Heap Initial Capacity: 124M
 Heap Max Capacity: 2G
 Pre-touch: Disabled
 Parallel Workers: 10
 Concurrent Workers: 3
 Concurrent Refinement Workers: 10
 Periodic GC: Disabled
Heap:
 garbage-first heap   total 126976K, used 56882K [0x0000000080000000, 0x0000000100000000)
  region size 1024K, 4 young (4096K), 4 survivors (4096K)
 Metaspace       used 59800K, committed 60416K, reserved 1114112K
  class space    used 8623K, committed 8896K, reserved 1048576K
GC Heap History (20 events):
Event: 5.590 GC heap after
{Heap after GC invocations=8 (full 0):
 garbage-first heap   total 89088K, used 29819K [0x0000000080000000, 0x0000000100000000)
  region size 1024K, 2 young (2048K), 2 survivors (2048K)
 Metaspace       used 31530K, committed 32000K, reserved 1114112K
  class space    used 4305K, committed 4544K, reserved 1048576K
}
Event: 6.017 GC heap before
{Heap before GC invocations=8 (full 0):
 garbage-first heap   total 89088K, used 67707K [0x0000000080000000, 0x0000000100000000)
  region size 1024K, 39 young (39936K), 2 survivors (2048K)
 Metaspace       used 34050K, committed 34496K, reserved 1114112K
  class space    used 4719K, committed 4928K, reserved 1048576K
}
Event: 6.020 GC heap after
{Heap after GC invocations=9 (full 0):
 garbage-first heap   total 89088K, used 31316K [0x0000000080000000, 0x0000000100000000)
  region size 1024K, 4 young (4096K), 4 survivors (4096K)
 Metaspace       used 34050K, committed 34496K, reserved 1114112K
  class space    used 4719K, committed 4928K, reserved 1048576K
}
Event: 6.199 GC heap before
{Heap before GC invocations=9 (full 0):
 garbage-first heap   total 89088K, used 42580K [0x0000000080000000, 0x0000000100000000)
  region size 1024K, 16 young (16384K), 4 survivors (4096K)
 Metaspace       used 35504K, committed 35968K, reserved 1114112K
  class space    used 4937K, committed 5184K, reserved 1048576K
}
Event: 6.203 GC heap after
{Heap after GC invocations=10 (full 0):
 garbage-first heap   total 89088K, used 32247K [0x0000000080000000, 0x0000000100000000)
  region size 1024K, 3 young (3072K), 3 survivors (3072K)
 Metaspace       used 35504K, committed 35968K, reserved 1114112K
  class space    used 4937K, committed 5184K, reserved 1048576K
}
Event: 6.585 GC heap before
{Heap before GC invocations=11 (full 0):
 garbage-first heap   total 89088K, used 70135K [0x0000000080000000, 0x0000000100000000)
  region size 1024K, 40 young (40960K), 3 survivors (3072K)
 Metaspace       used 37990K, committed 38464K, reserved 1114112K
  class space    used 5342K, committed 5568K, reserved 1048576K
}
Event: 6.589 GC heap after
{Heap after GC invocations=12 (full 0):
 garbage-first heap   total 109568K, used 33185K [0x0000000080000000, 0x0000000100000000)
  region size 1024K, 4 young (4096K), 4 survivors (4096K)
 Metaspace       used 37990K, committed 38464K, reserved 1114112K
  class space    used 5342K, committed 5568K, reserved 1048576K
}
Event: 7.457 GC heap before
{Heap before GC invocations=12 (full 0):
 garbage-first heap   total 109568K, used 88481K [0x0000000080000000, 0x0000000100000000)
  region size 1024K, 58 young (59392K), 4 survivors (4096K)
 Metaspace       used 42802K, committed 43328K, reserved 1114112K
  class space    used 6113K, committed 6336K, reserved 1048576K
}
Event: 7.463 GC heap after
{Heap after GC invocations=13 (full 0):
 garbage-first heap   total 109568K, used 35356K [0x0000000080000000, 0x0000000100000000)
  region size 1024K, 6 young (6144K), 6 survivors (6144K)
 Metaspace       used 42802K, committed 43328K, reserved 1114112K
  class space    used 6113K, committed 6336K, reserved 1048576K
}
Event: 8.204 GC heap before
{Heap before GC invocations=13 (full 0):
 garbage-first heap   total 109568K, used 88604K [0x0000000080000000, 0x0000000100000000)
  region size 1024K, 58 young (59392K), 6 survivors (6144K)
 Metaspace       used 45730K, committed 46208K, reserved 1114112K
  class space    used 6574K, committed 6784K, reserved 1048576K
}
Event: 8.211 GC heap after
{Heap after GC invocations=14 (full 0):
 garbage-first heap   total 109568K, used 39086K [0x0000000080000000, 0x0000000100000000)
  region size 1024K, 8 young (8192K), 8 survivors (8192K)
 Metaspace       used 45730K, committed 46208K, reserved 1114112K
  class space    used 6574K, committed 6784K, reserved 1048576K
}
Event: 9.081 GC heap before
{Heap before GC invocations=14 (full 0):
 garbage-first heap   total 109568K, used 94382K [0x0000000080000000, 0x0000000100000000)
  region size 1024K, 55 young (56320K), 8 survivors (8192K)
 Metaspace       used 50071K, committed 50688K, reserved 1114112K
  class space    used 7257K, committed 7552K, reserved 1048576K
}
Event: 9.088 GC heap after
{Heap after GC invocations=15 (full 0):
 garbage-first heap   total 109568K, used 50057K [0x0000000080000000, 0x0000000100000000)
  region size 1024K, 4 young (4096K), 4 survivors (4096K)
 Metaspace       used 50071K, committed 50688K, reserved 1114112K
  class space    used 7257K, committed 7552K, reserved 1048576K
}
Event: 9.643 GC heap before
{Heap before GC invocations=15 (full 0):
 garbage-first heap   total 109568K, used 88969K [0x0000000080000000, 0x0000000100000000)
  region size 1024K, 42 young (43008K), 4 survivors (4096K)
 Metaspace       used 54585K, committed 55168K, reserved 1114112K
  class space    used 7863K, committed 8128K, reserved 1048576K
}
Event: 9.647 GC heap after
{Heap after GC invocations=16 (full 0):
 garbage-first heap   total 109568K, used 50541K [0x0000000080000000, 0x0000000100000000)
  region size 1024K, 5 young (5120K), 5 survivors (5120K)
 Metaspace       used 54585K, committed 55168K, reserved 1114112K
  class space    used 7863K, committed 8128K, reserved 1048576K
}
Event: 10.079 GC heap before
{Heap before GC invocations=16 (full 0):
 garbage-first heap   total 109568K, used 89453K [0x0000000080000000, 0x0000000100000000)
  region size 1024K, 43 young (44032K), 5 survivors (5120K)
 Metaspace       used 57247K, committed 57856K, reserved 1114112K
  class space    used 8234K, committed 8512K, reserved 1048576K
}
Event: 10.084 GC heap after
{Heap after GC invocations=17 (full 0):
 garbage-first heap   total 109568K, used 52045K [0x0000000080000000, 0x0000000100000000)
  region size 1024K, 3 young (3072K), 3 survivors (3072K)
 Metaspace       used 57247K, committed 57856K, reserved 1114112K
  class space    used 8234K, committed 8512K, reserved 1048576K
}
Event: 10.123 GC heap before
{Heap before GC invocations=17 (full 0):
 garbage-first heap   total 109568K, used 55117K [0x0000000080000000, 0x0000000100000000)
  region size 1024K, 7 young (7168K), 3 survivors (3072K)
 Metaspace       used 57473K, committed 58112K, reserved 1114112K
  class space    used 8264K, committed 8576K, reserved 1048576K
}
Event: 10.126 GC heap after
{Heap after GC invocations=18 (full 0):
 garbage-first heap   total 109568K, used 52263K [0x0000000080000000, 0x0000000100000000)
  region size 1024K, 2 young (2048K), 2 survivors (2048K)
 Metaspace       used 57473K, committed 58112K, reserved 1114112K
  class space    used 8264K, committed 8576K, reserved 1048576K
}
Event: 10.592 GC heap before
{Heap before GC invocations=19 (full 0):
 garbage-first heap   total 109568K, used 94247K [0x0000000080000000, 0x0000000100000000)
  region size 1024K, 40 young (40960K), 2 survivors (2048K)
 Metaspace       used 59800K, committed 60416K, reserved 1114112K
  class space    used 8623K, committed 8896K, reserved 1048576K
}

