# JRE version: OpenJDK Runtime Environment Temurin-17.0.18+8 (17.0.18+8) (build 17.0.18+8)
# Java VM: OpenJDK 64-Bit Server VM Temurin-17.0.18+8 (17.0.18+8, mixed mode, sharing, tiered, compressed oops, compressed class ptrs, g1 gc, windows-amd64)
GC Precious Log:
 CPUs: 12 total, 12 available
 Memory: 7916M
 Large Page Support: Disabled
 NUMA Support: Disabled
 Compressed Oops: Enabled (Zero based)
 Heap Region Size: 4M
 Heap Min Capacity: 8M
 Heap Initial Capacity: 124M
 Heap Max Capacity: 8G
 Pre-touch: Disabled
 Parallel Workers: 10
 Concurrent Workers: 3
 Concurrent Refinement Workers: 10
 Periodic GC: Disabled
Heap:
 garbage-first heap   total 1187840K, used 352303K [0x0000000600000000, 0x0000000800000000)
  region size 4096K, 1 young (4096K), 1 survivors (4096K)
 Metaspace       used 225405K, committed 227200K, reserved 1310720K
  class space    used 29397K, committed 30272K, reserved 1048576K
GC Heap History (20 events):
Event: 739.386 GC heap after
{Heap after GC invocations=72 (full 0):
 garbage-first heap   total 1216512K, used 392378K [0x0000000600000000, 0x0000000800000000)
  region size 4096K, 11 young (45056K), 11 survivors (45056K)
 Metaspace       used 188083K, committed 189632K, reserved 1245184K
  class space    used 24372K, committed 25088K, reserved 1048576K
}
Event: 739.531 GC heap before
{Heap before GC invocations=72 (full 0):
 garbage-first heap   total 1216512K, used 404666K [0x0000000600000000, 0x0000000800000000)
  region size 4096K, 14 young (57344K), 11 survivors (45056K)
 Metaspace       used 188368K, committed 189952K, reserved 1245184K
  class space    used 24395K, committed 25152K, reserved 1048576K
}
Event: 739.581 GC heap after
{Heap after GC invocations=73 (full 0):
 garbage-first heap   total 1216512K, used 393147K [0x0000000600000000, 0x0000000800000000)
  region size 4096K, 2 young (8192K), 2 survivors (8192K)
 Metaspace       used 188368K, committed 189952K, reserved 1245184K
  class space    used 24395K, committed 25152K, reserved 1048576K
}
Event: 747.867 GC heap before
{Heap before GC invocations=74 (full 0):
 garbage-first heap   total 1216512K, used 855995K [0x0000000600000000, 0x0000000800000000)
  region size 4096K, 116 young (475136K), 2 survivors (8192K)
 Metaspace       used 195247K, committed 196800K, reserved 1245184K
  class space    used 25094K, committed 25792K, reserved 1048576K
}
Event: 747.894 GC heap after
{Heap after GC invocations=75 (full 0):
 garbage-first heap   total 1216512K, used 404061K [0x0000000600000000, 0x0000000800000000)
  region size 4096K, 5 young (20480K), 5 survivors (20480K)
 Metaspace       used 195247K, committed 196800K, reserved 1245184K
  class space    used 25094K, committed 25792K, reserved 1048576K
}
Event: 747.935 GC heap before
{Heap before GC invocations=75 (full 0):
 garbage-first heap   total 1216512K, used 440925K [0x0000000600000000, 0x0000000800000000)
  region size 4096K, 14 young (57344K), 5 survivors (20480K)
 Metaspace       used 195249K, committed 196800K, reserved 1245184K
  class space    used 25094K, committed 25792K, reserved 1048576K
}
Event: 747.980 GC heap after
{Heap after GC invocations=76 (full 0):
 garbage-first heap   total 1216512K, used 334242K [0x0000000600000000, 0x0000000800000000)
  region size 4096K, 1 young (4096K), 1 survivors (4096K)
 Metaspace       used 195249K, committed 196800K, reserved 1245184K
  class space    used 25094K, committed 25792K, reserved 1048576K
}
Event: 748.494 GC heap before
{Heap before GC invocations=76 (full 0):
 garbage-first heap   total 1216512K, used 522658K [0x0000000600000000, 0x0000000800000000)
  region size 4096K, 48 young (196608K), 1 survivors (4096K)
 Metaspace       used 195399K, committed 196992K, reserved 1245184K
  class space    used 25111K, committed 25856K, reserved 1048576K
}
Event: 748.500 GC heap after
{Heap after GC invocations=77 (full 0):
 garbage-first heap   total 1216512K, used 337270K [0x0000000600000000, 0x0000000800000000)
  region size 4096K, 2 young (8192K), 2 survivors (8192K)
 Metaspace       used 195399K, committed 196992K, reserved 1245184K
  class space    used 25111K, committed 25856K, reserved 1048576K
}
Event: 757.057 GC heap before
{Heap before GC invocations=78 (full 0):
 garbage-first heap   total 1187840K, used 1111414K [0x0000000600000000, 0x0000000800000000)
  region size 4096K, 162 young (663552K), 2 survivors (8192K)
 Metaspace       used 204116K, committed 205824K, reserved 1245184K
  class space    used 26026K, committed 26880K, reserved 1048576K
}
Event: 757.137 GC heap after
{Heap after GC invocations=79 (full 0):
 garbage-first heap   total 1187840K, used 349365K [0x0000000600000000, 0x0000000800000000)
  region size 4096K, 5 young (20480K), 5 survivors (20480K)
 Metaspace       used 204116K, committed 205824K, reserved 1245184K
  class space    used 26026K, committed 26880K, reserved 1048576K
}
Event: 757.405 GC heap before
{Heap before GC invocations=79 (full 0):
 garbage-first heap   total 1187840K, used 382133K [0x0000000600000000, 0x0000000800000000)
  region size 4096K, 14 young (57344K), 5 survivors (20480K)
 Metaspace       used 204883K, committed 206592K, reserved 1245184K
  class space    used 26134K, committed 26944K, reserved 1048576K
}
Event: 757.597 GC heap after
{Heap after GC invocations=80 (full 0):
 garbage-first heap   total 1187840K, used 318277K [0x0000000600000000, 0x0000000800000000)
  region size 4096K, 2 young (8192K), 2 survivors (8192K)
 Metaspace       used 204883K, committed 206592K, reserved 1245184K
  class space    used 26134K, committed 26944K, reserved 1048576K
}
Event: 761.997 GC heap before
{Heap before GC invocations=80 (full 0):
 garbage-first heap   total 1187840K, used 973637K [0x0000000600000000, 0x0000000800000000)
  region size 4096K, 163 young (667648K), 2 survivors (8192K)
 Metaspace       used 224090K, committed 225856K, reserved 1245184K
  class space    used 29275K, committed 30144K, reserved 1048576K
}
Event: 762.067 GC heap after
{Heap after GC invocations=81 (full 0):
 garbage-first heap   total 1187840K, used 337558K [0x0000000600000000, 0x0000000800000000)
  region size 4096K, 7 young (28672K), 7 survivors (28672K)
 Metaspace       used 224090K, committed 225856K, reserved 1245184K
  class space    used 29275K, committed 30144K, reserved 1048576K
}
Event: 764.606 GC heap before
{Heap before GC invocations=81 (full 0):
 garbage-first heap   total 1187840K, used 984726K [0x0000000600000000, 0x0000000800000000)
  region size 4096K, 165 young (675840K), 7 survivors (28672K)
 Metaspace       used 225272K, committed 227008K, reserved 1310720K
  class space    used 29381K, committed 30208K, reserved 1048576K
}
Event: 764.673 GC heap after
{Heap after GC invocations=82 (full 0):
 garbage-first heap   total 1187840K, used 350780K [0x0000000600000000, 0x0000000800000000)
  region size 4096K, 10 young (40960K), 10 survivors (40960K)
 Metaspace       used 225272K, committed 227008K, reserved 1310720K
  class space    used 29381K, committed 30208K, reserved 1048576K
}
Event: 764.703 GC heap before
{Heap before GC invocations=82 (full 0):
 garbage-first heap   total 1187840K, used 363068K [0x0000000600000000, 0x0000000800000000)
  region size 4096K, 14 young (57344K), 10 survivors (40960K)
 Metaspace       used 225281K, committed 227008K, reserved 1310720K
  class space    used 29381K, committed 30208K, reserved 1048576K
}
Event: 764.826 GC heap after
{Heap after GC invocations=83 (full 0):
 garbage-first heap   total 1187840K, used 354849K [0x0000000600000000, 0x0000000800000000)
  region size 4096K, 2 young (8192K), 2 survivors (8192K)
 Metaspace       used 225281K, committed 227008K, reserved 1310720K
  class space    used 29381K, committed 30208K, reserved 1048576K
}
Event: 765.909 GC heap before
{Heap before GC invocations=83 (full 0):
 garbage-first heap   total 1187840K, used 678433K [0x0000000600000000, 0x0000000800000000)
  region size 4096K, 82 young (335872K), 2 survivors (8192K)
 Metaspace       used 225405K, committed 227200K, reserved 1310720K
  class space    used 29397K, committed 30272K, reserved 1048576K
}

