# JRE version: OpenJDK Runtime Environment (21.0.7) (build 21.0.7+-13880790-b1038.58)
# Java VM: OpenJDK 64-Bit Server VM (21.0.7+-13880790-b1038.58, mixed mode, tiered, compressed oops, compressed class ptrs, g1 gc, windows-amd64)
GC Precious Log:
 CardTable entry size: 512
 Card Set container configuration: InlinePtr #cards 4 size 8 Array Of Cards #cards 32 size 80 Howl #buckets 8 coarsen threshold 7372 Howl Bitmap #cards 1024 size 144 coarsen threshold 921 Card regions per heap region 1 cards per card region 8192
 CPUs: 12 total, 12 available
 Memory: 7916M
 Large Page Support: Disabled
 NUMA Support: Disabled
 Compressed Oops: Enabled (Zero based)
 Heap Region Size: 4M
 Heap Min Capacity: 8M
 Heap Initial Capacity: 124M
 Heap Max Capacity: 8G
 Pre-touch: Disabled
 Parallel Workers: 10
 Concurrent Workers: 3
 Concurrent Refinement Workers: 10
 Periodic GC: Disabled
Heap:
 garbage-first heap   total 1376256K, used 422404K [0x0000000600000000, 0x0000000800000000)
  region size 4096K, 2 young (8192K), 2 survivors (8192K)
 Metaspace       used 275931K, committed 283072K, reserved 1310720K
  class space    used 34983K, committed 37504K, reserved 1048576K
GC Heap History (20 events):
Event: 12164.996 GC heap after
{Heap after GC invocations=90 (full 0):
 garbage-first heap   total 1376256K, used 440912K [0x0000000600000000, 0x0000000800000000)
  region size 4096K, 8 young (32768K), 8 survivors (32768K)
 Metaspace       used 279426K, committed 282752K, reserved 1310720K
  class space    used 35866K, committed 37504K, reserved 1048576K
}
Event: 12171.829 GC heap before
{Heap before GC invocations=90 (full 0):
 garbage-first heap   total 1376256K, used 481872K [0x0000000600000000, 0x0000000800000000)
  region size 4096K, 19 young (77824K), 8 survivors (32768K)
 Metaspace       used 279432K, committed 282752K, reserved 1310720K
  class space    used 35866K, committed 37504K, reserved 1048576K
}
Event: 12171.897 GC heap after
{Heap after GC invocations=91 (full 0):
 garbage-first heap   total 1376256K, used 437693K [0x0000000600000000, 0x0000000800000000)
  region size 4096K, 2 young (8192K), 2 survivors (8192K)
 Metaspace       used 279432K, committed 282752K, reserved 1310720K
  class space    used 35866K, committed 37504K, reserved 1048576K
}
Event: 22475.809 GC heap before
{Heap before GC invocations=91 (full 0):
 garbage-first heap   total 1376256K, used 1076669K [0x0000000600000000, 0x0000000800000000)
  region size 4096K, 129 young (528384K), 2 survivors (8192K)
 Metaspace       used 279559K, committed 282880K, reserved 1310720K
  class space    used 35873K, committed 37504K, reserved 1048576K
}
Event: 22476.511 GC heap after
{Heap after GC invocations=92 (full 0):
 garbage-first heap   total 1376256K, used 444737K [0x0000000600000000, 0x0000000800000000)
  region size 4096K, 4 young (16384K), 4 survivors (16384K)
 Metaspace       used 279559K, committed 282880K, reserved 1310720K
  class space    used 35873K, committed 37504K, reserved 1048576K
}
Event: 22496.794 GC heap before
{Heap before GC invocations=92 (full 0):
 garbage-first heap   total 1376256K, used 698689K [0x0000000600000000, 0x0000000800000000)
  region size 4096K, 68 young (278528K), 4 survivors (16384K)
 Metaspace       used 279843K, committed 283200K, reserved 1310720K
  class space    used 35888K, committed 37504K, reserved 1048576K
}
Event: 22496.904 GC heap after
{Heap after GC invocations=93 (full 0):
 garbage-first heap   total 1376256K, used 473452K [0x0000000600000000, 0x0000000800000000)
  region size 4096K, 11 young (45056K), 11 survivors (45056K)
 Metaspace       used 279843K, committed 283200K, reserved 1310720K
  class space    used 35888K, committed 37504K, reserved 1048576K
}
Event: 22501.789 GC heap before
{Heap before GC invocations=93 (full 0):
 garbage-first heap   total 1376256K, used 629100K [0x0000000600000000, 0x0000000800000000)
  region size 4096K, 20 young (81920K), 11 survivors (45056K)
 Metaspace       used 275155K, committed 283072K, reserved 1310720K
  class space    used 34829K, committed 37504K, reserved 1048576K
}
Event: 22501.877 GC heap after
{Heap after GC invocations=94 (full 0):
 garbage-first heap   total 1376256K, used 473926K [0x0000000600000000, 0x0000000800000000)
  region size 4096K, 2 young (8192K), 2 survivors (8192K)
 Metaspace       used 275155K, committed 283072K, reserved 1310720K
  class space    used 34829K, committed 37504K, reserved 1048576K
}
Event: 22502.188 GC heap before
{Heap before GC invocations=94 (full 0):
 garbage-first heap   total 1376256K, used 527174K [0x0000000600000000, 0x0000000800000000)
  region size 4096K, 16 young (65536K), 2 survivors (8192K)
 Metaspace       used 275158K, committed 283072K, reserved 1310720K
  class space    used 34829K, committed 37504K, reserved 1048576K
}
Event: 22502.219 GC heap after
{Heap after GC invocations=95 (full 0):
 garbage-first heap   total 1376256K, used 493568K [0x0000000600000000, 0x0000000800000000)
  region size 4096K, 2 young (8192K), 2 survivors (8192K)
 Metaspace       used 275158K, committed 283072K, reserved 1310720K
  class space    used 34829K, committed 37504K, reserved 1048576K
}
Event: 24436.932 GC heap before
{Heap before GC invocations=96 (full 0):
 garbage-first heap   total 1376256K, used 653312K [0x0000000600000000, 0x0000000800000000)
  region size 4096K, 42 young (172032K), 2 survivors (8192K)
 Metaspace       used 275173K, committed 283072K, reserved 1310720K
  class space    used 34832K, committed 37504K, reserved 1048576K
}
Event: 24437.309 GC heap after
{Heap after GC invocations=97 (full 0):
 garbage-first heap   total 1376256K, used 487902K [0x0000000600000000, 0x0000000800000000)
  region size 4096K, 1 young (4096K), 1 survivors (4096K)
 Metaspace       used 275173K, committed 283072K, reserved 1310720K
  class space    used 34832K, committed 37504K, reserved 1048576K
}
Event: 27239.720 GC heap before
{Heap before GC invocations=97 (full 0):
 garbage-first heap   total 1376256K, used 549342K [0x0000000600000000, 0x0000000800000000)
  region size 4096K, 16 young (65536K), 1 survivors (4096K)
 Metaspace       used 275410K, committed 283072K, reserved 1310720K
  class space    used 34888K, committed 37504K, reserved 1048576K
}
Event: 27239.964 GC heap after
{Heap after GC invocations=98 (full 0):
 garbage-first heap   total 1376256K, used 464123K [0x0000000600000000, 0x0000000800000000)
  region size 4096K, 1 young (4096K), 1 survivors (4096K)
 Metaspace       used 275410K, committed 283072K, reserved 1310720K
  class space    used 34888K, committed 37504K, reserved 1048576K
}
Event: 27244.006 GC heap before
{Heap before GC invocations=98 (full 0):
 garbage-first heap   total 1376256K, used 525563K [0x0000000600000000, 0x0000000800000000)
  region size 4096K, 16 young (65536K), 1 survivors (4096K)
 Metaspace       used 275841K, committed 283072K, reserved 1310720K
  class space    used 34979K, committed 37504K, reserved 1048576K
}
Event: 27244.086 GC heap after
{Heap after GC invocations=99 (full 0):
 garbage-first heap   total 1376256K, used 446464K [0x0000000600000000, 0x0000000800000000)
  region size 4096K, 2 young (8192K), 2 survivors (8192K)
 Metaspace       used 275841K, committed 283072K, reserved 1310720K
  class space    used 34979K, committed 37504K, reserved 1048576K
}
Event: 27245.395 GC heap before
{Heap before GC invocations=99 (full 0):
 garbage-first heap   total 1376256K, used 503808K [0x0000000600000000, 0x0000000800000000)
  region size 4096K, 16 young (65536K), 2 survivors (8192K)
 Metaspace       used 275872K, committed 283072K, reserved 1310720K
  class space    used 34979K, committed 37504K, reserved 1048576K
}
Event: 27245.491 GC heap after
{Heap after GC invocations=100 (full 0):
 garbage-first heap   total 1376256K, used 431535K [0x0000000600000000, 0x0000000800000000)
  region size 4096K, 2 young (8192K), 2 survivors (8192K)
 Metaspace       used 275872K, committed 283072K, reserved 1310720K
  class space    used 34979K, committed 37504K, reserved 1048576K
}
Event: 27246.939 GC heap before
{Heap before GC invocations=100 (full 0):
 garbage-first heap   total 1376256K, used 488879K [0x0000000600000000, 0x0000000800000000)
  region size 4096K, 16 young (65536K), 2 survivors (8192K)
 Metaspace       used 275931K, committed 283072K, reserved 1310720K
  class space    used 34983K, committed 37504K, reserved 1048576K
}

